<?xml version="1.0" encoding="UTF-8"?>
<!-- Generated by org.testng.reporters.JUnitXMLReporter -->
<testsuite ignored="0" hostname="Robin" failures="1" tests="1" name="OpenCartTest" time="18.22" errors="0" timestamp="2023-09-04T12:50:53 ADT">
  <testcase classname="testCases.TC_001_AccountRegistration" name="test_account_registartion" time="5.564">
    <failure type="java.lang.AssertionError" message="null">
      <![CDATA[java.lang.AssertionError: null
at testCases.TC_001_AccountRegistration.test_account_registartion(TC_001_AccountRegistration.java:45)
at java.base/java.util.ArrayList.forEach(ArrayList.java:1511)
... Removed 27 stack frames]]>
    </failure>
  </testcase> <!-- test_account_registartion -->
</testsuite> <!-- OpenCartTest -->
